2026-03-13 09:11:33 INFO  org.hibernate.validator.internal.util.Version - HV000001: Hibernate Validator 8.0.1.Final
2026-03-13 09:11:33 INFO  com.rajashekar.feeservice.FeeServiceApplication - Starting FeeServiceApplication using Java 25.0.1 with PID 43872 (E:\SpringWorkPlace\fee-service\target\classes started by Raju in E:\SpringWorkPlace\fee-service)
2026-03-13 09:11:33 INFO  com.rajashekar.feeservice.FeeServiceApplication - No active profile set, falling back to 1 default profile: "default"
2026-03-13 09:11:33 INFO  org.springframework.boot.devtools.env.DevToolsPropertyDefaultsPostProcessor - Devtools property defaults active! Set 'spring.devtools.add-properties' to 'false' to disable
2026-03-13 09:11:33 INFO  org.springframework.boot.devtools.env.DevToolsPropertyDefaultsPostProcessor - For additional web related logging consider setting the 'logging.level.web' property to 'DEBUG'
2026-03-13 09:11:34 INFO  org.springframework.data.repository.config.RepositoryConfigurationDelegate - Bootstrapping Spring Data JPA repositories in DEFAULT mode.
2026-03-13 09:11:34 INFO  org.springframework.data.repository.config.RepositoryConfigurationDelegate - Finished Spring Data repository scanning in 36 ms. Found 1 JPA repository interface.
2026-03-13 09:11:35 INFO  org.springframework.boot.web.embedded.tomcat.TomcatWebServer - Tomcat initialized with port 8082 (http)
2026-03-13 09:11:35 INFO  org.apache.coyote.http11.Http11NioProtocol - Initializing ProtocolHandler ["http-nio-8082"]
2026-03-13 09:11:35 INFO  org.apache.catalina.core.StandardService - Starting service [Tomcat]
2026-03-13 09:11:35 INFO  org.apache.catalina.core.StandardEngine - Starting Servlet engine: [Apache Tomcat/10.1.31]
2026-03-13 09:11:35 INFO  org.apache.catalina.core.ContainerBase.[Tomcat].[localhost].[/] - Initializing Spring embedded WebApplicationContext
2026-03-13 09:11:35 INFO  org.springframework.boot.web.servlet.context.ServletWebServerApplicationContext - Root WebApplicationContext: initialization completed in 2066 ms
2026-03-13 09:11:35 INFO  com.zaxxer.hikari.HikariDataSource - HikariPool-1 - Starting...
2026-03-13 09:11:35 INFO  com.zaxxer.hikari.pool.HikariPool - HikariPool-1 - Added connection conn0: url=jdbc:h2:mem:fees user=SA
2026-03-13 09:11:35 INFO  com.zaxxer.hikari.HikariDataSource - HikariPool-1 - Start completed.
2026-03-13 09:11:35 INFO  org.springframework.boot.autoconfigure.h2.H2ConsoleAutoConfiguration - H2 console available at '/h2-console'. Database available at 'jdbc:h2:mem:fees'
2026-03-13 09:11:35 INFO  org.hibernate.jpa.internal.util.LogHelper - HHH000204: Processing PersistenceUnitInfo [name: default]
2026-03-13 09:11:35 INFO  org.hibernate.Version - HHH000412: Hibernate ORM core version 6.5.3.Final
2026-03-13 09:11:35 INFO  org.hibernate.cache.internal.RegionFactoryInitiator - HHH000026: Second-level cache disabled
2026-03-13 09:11:36 INFO  org.springframework.orm.jpa.persistenceunit.SpringPersistenceUnitInfo - No LoadTimeWeaver setup: ignoring JPA class transformer
2026-03-13 09:11:36 WARN  org.hibernate.orm.deprecation - HHH90000025: H2Dialect does not need to be specified explicitly using 'hibernate.dialect' (remove the property setting and it will be selected by default)
2026-03-13 09:11:36 INFO  org.hibernate.engine.transaction.jta.platform.internal.JtaPlatformInitiator - HHH000489: No JTA platform available (set 'hibernate.transaction.jta.platform' to enable JTA platform integration)
2026-03-13 09:11:36 INFO  org.springframework.orm.jpa.LocalContainerEntityManagerFactoryBean - Initialized JPA EntityManagerFactory for persistence unit 'default'
2026-03-13 09:11:37 WARN  org.springframework.boot.autoconfigure.orm.jpa.JpaBaseConfiguration$JpaWebConfiguration - spring.jpa.open-in-view is enabled by default. Therefore, database queries may be performed during view rendering. Explicitly configure spring.jpa.open-in-view to disable this warning
2026-03-13 09:11:39 WARN  org.springframework.boot.devtools.autoconfigure.OptionalLiveReloadServer - Unable to start LiveReload server
2026-03-13 09:11:39 INFO  org.springframework.boot.actuate.endpoint.web.EndpointLinksResolver - Exposing 3 endpoints beneath base path '/actuator'
2026-03-13 09:11:39 INFO  org.apache.coyote.http11.Http11NioProtocol - Starting ProtocolHandler ["http-nio-8082"]
2026-03-13 09:11:39 INFO  org.springframework.boot.web.embedded.tomcat.TomcatWebServer - Tomcat started on port 8082 (http) with context path '/'
2026-03-13 09:11:39 INFO  com.rajashekar.feeservice.FeeServiceApplication - Started FeeServiceApplication in 6.689 seconds (process running for 7.603)
2026-03-13 09:11:39 INFO  org.apache.catalina.core.ContainerBase.[Tomcat].[localhost].[/] - Initializing Spring DispatcherServlet 'dispatcherServlet'
2026-03-13 09:11:39 INFO  org.springframework.web.servlet.DispatcherServlet - Initializing Servlet 'dispatcherServlet'
2026-03-13 09:11:39 INFO  org.springframework.web.servlet.DispatcherServlet - Completed initialization in 1 ms
2026-03-13 09:11:55 INFO  com.rajashekar.feeservice.service.FeeService - Fee collection started for studentId: 1
2026-03-13 09:11:55 INFO  com.rajashekar.feeservice.service.FeeService - Student fetched successfully: Ramesh
2026-03-13 09:11:55 INFO  com.rajashekar.feeservice.service.FeeService - Saving receipt for studentId: 1
2026-03-13 09:11:55 INFO  com.rajashekar.feeservice.service.FeeService - Receipt generated successfully. ReferenceNumber: 14c5c38824
